<?xml version="1.0" encoding="UTF-8"?>
<testsuite name="run on Chrome"
           tests="3"
           failures="1"
           errors="0"
           skipped="0"
           time="14.645">
  <properties />
            <testcase name="TC_03_Register_New_Random_Account_Successfully" time="10.443" classname="registerPage.RegisterPage">
                <failure type="org.openqa.selenium.TimeoutException"
                  message="Expected condition failed: waiting for visibility of element located by By.xpath: //h1[@class=&apos;title&apos;][contains(text(),&apos;Welcome&apos;)] (tried for 5 second(s) with 500 milliseconds interval)
Build info: version: &apos;4.12.1&apos;, revision: &apos;8e34639b11&apos;
System info: os.name: &apos;Windows 11&apos;, os.arch: &apos;amd64&apos;, os.version: &apos;10.0&apos;, java.version: &apos;11.0.21&apos;
Driver info: org.openqa.selenium.edge.EdgeDriver
Capabilities {acceptInsecureCerts: false, browserName: MicrosoftEdge, browserVersion: 122.0.2365.80, fedcm:accounts: true, ms:edgeOptions: {debuggerAddress: localhost:51775}, msedge: {msedgedriverVersion: 122.0.2365.80 (bfff41c27eb2..., userDataDir: C:\Users\Thinkpad\AppData\L...}, networkConnectionEnabled: false, pageLoadStrategy: normal, platformName: windows, proxy: Proxy(), se:cdp: ws://localhost:51775/devtoo..., se:cdpVersion: 122.0.2365.80, setWindowRect: true, strictFileInteractability: false, timeouts: {implicit: 0, pageLoad: 300000, script: 30000}, unhandledPromptBehavior: dismiss and notify, webauthn:extension:credBlob: true, webauthn:extension:largeBlob: true, webauthn:extension:minPinLength: true, webauthn:extension:prf: true, webauthn:virtualAuthenticators: true}
Session ID: 65a3a83d844e1318af01d944548799ab"
              >
<![CDATA[org.openqa.selenium.TimeoutException: Expected condition failed: waiting for visibility of element located by By.xpath: //h1[@class='title'][contains(text(),'Welcome')] (tried for 5 second(s) with 500 milliseconds interval)
Build info: version: '4.12.1', revision: '8e34639b11'
System info: os.name: 'Windows 11', os.arch: 'amd64', os.version: '10.0', java.version: '11.0.21'
Driver info: org.openqa.selenium.edge.EdgeDriver
Capabilities {acceptInsecureCerts: false, browserName: MicrosoftEdge, browserVersion: 122.0.2365.80, fedcm:accounts: true, ms:edgeOptions: {debuggerAddress: localhost:51775}, msedge: {msedgedriverVersion: 122.0.2365.80 (bfff41c27eb2..., userDataDir: C:\Users\Thinkpad\AppData\L...}, networkConnectionEnabled: false, pageLoadStrategy: normal, platformName: windows, proxy: Proxy(), se:cdp: ws://localhost:51775/devtoo..., se:cdpVersion: 122.0.2365.80, setWindowRect: true, strictFileInteractability: false, timeouts: {implicit: 0, pageLoad: 300000, script: 30000}, unhandledPromptBehavior: dismiss and notify, webauthn:extension:credBlob: true, webauthn:extension:largeBlob: true, webauthn:extension:minPinLength: true, webauthn:extension:prf: true, webauthn:virtualAuthenticators: true}
Session ID: 65a3a83d844e1318af01d944548799ab
  org.openqa.selenium.support.ui.WebDriverWait.timeoutException(WebDriverWait.java:84)
  org.openqa.selenium.support.ui.FluentWait.until(FluentWait.java:230)
  commons.BasePage.waitForElementVisible(BasePage.java:129)
  pageObjects.RegisterPageObject.isAccountRegisterSuccessfully(RegisterPageObject.java:26)
  registerPage.RegisterPage.TC_03_Register_New_Random_Account_Successfully(RegisterPage.java:125)
  java.base/jdk.internal.reflect.NativeMethodAccessorImpl.invoke0(Native Method)
  java.base/jdk.internal.reflect.NativeMethodAccessorImpl.invoke(NativeMethodAccessorImpl.java:62)
  java.base/jdk.internal.reflect.DelegatingMethodAccessorImpl.invoke(DelegatingMethodAccessorImpl.java:43)
  java.base/java.lang.reflect.Method.invoke(Method.java:566)
  org.testng.internal.invokers.MethodInvocationHelper.invokeMethod(MethodInvocationHelper.java:139)
  org.testng.internal.invokers.TestInvoker.invokeMethod(TestInvoker.java:677)
  org.testng.internal.invokers.TestInvoker.invokeTestMethod(TestInvoker.java:221)
  org.testng.internal.invokers.MethodRunner.runInSequence(MethodRunner.java:50)
  org.testng.internal.invokers.TestInvoker$MethodInvocationAgent.invoke(TestInvoker.java:969)
  org.testng.internal.invokers.TestInvoker.invokeTestMethods(TestInvoker.java:194)
  org.testng.internal.invokers.TestMethodWorker.invokeTestMethods(TestMethodWorker.java:148)
  org.testng.internal.invokers.TestMethodWorker.run(TestMethodWorker.java:128)
  java.base/java.util.ArrayList.forEach(ArrayList.java:1541)
  org.testng.TestRunner.privateRun(TestRunner.java:829)
  org.testng.TestRunner.run(TestRunner.java:602)
  org.testng.SuiteRunner.runTest(SuiteRunner.java:437)
  org.testng.SuiteRunner.runSequentially(SuiteRunner.java:431)
  org.testng.SuiteRunner.privateRun(SuiteRunner.java:391)
  org.testng.SuiteRunner.run(SuiteRunner.java:330)
  org.testng.SuiteRunnerWorker.runSuite(SuiteRunnerWorker.java:52)
  org.testng.SuiteRunnerWorker.run(SuiteRunnerWorker.java:95)
  org.testng.TestNG.runSuitesSequentially(TestNG.java:1256)
  org.testng.TestNG.runSuitesLocally(TestNG.java:1176)
  org.testng.TestNG.runSuites(TestNG.java:1099)
  org.testng.TestNG.run(TestNG.java:1067)
  com.intellij.rt.testng.IDEARemoteTestNG.run(IDEARemoteTestNG.java:65)
  com.intellij.rt.testng.RemoteTestNGStarter.main(RemoteTestNGStarter.java:105)
]]>
      </failure>

          </testcase>
  
  
            <testcase name="TC_02_Register_New_Account_Successfully" time="2.079" classname="registerPage.RegisterPage" />
                <testcase name="TC_01_Verify_Required_Field_Message" time="2.123" classname="registerPage.RegisterPage" />
      
</testsuite>
